#
# There is insufficient memory for the Java Runtime Environment to continue.
# Native memory allocation (malloc) failed to allocate 32744 bytes for ChunkPool::allocate
# Possible reasons:
#   The system is out of physical RAM or swap space
#   The process is running with CompressedOops enabled, and the Java Heap may be blocking the growth of the native heap
# Possible solutions:
#   Reduce memory load on the system
#   Increase physical memory or swap space
#   Check if swap backing store is full
#   Decrease Java heap size (-Xmx/-Xms)
#   Decrease number of Java threads
#   Decrease Java thread stack sizes (-Xss)
#   Set larger code cache with -XX:ReservedCodeCacheSize=
#   JVM is running with Unscaled Compressed Oops mode in which the Java heap is
#     placed in the first 4GB address space. The Java Heap base address is the
#     maximum limit for the native heap growth. Please use -XX:HeapBaseMinAddress
#     to set the Java Heap base and to place the Java Heap above 4GB virtual address.
# This output file may be truncated or incomplete.
#
#  Out of Memory Error (allocation.cpp:272), pid=17432, tid=0x0000000000002768
#
# JRE version: Java(TM) SE Runtime Environment (8.0_211-b12) (build 1.8.0_211-b12)
# Java VM: Java HotSpot(TM) 64-Bit Server VM (25.211-b12 mixed mode windows-amd64 compressed oops)
# Failed to write core dump. Minidumps are not enabled by default on client versions of Windows
#

---------------  T H R E A D  ---------------

Current thread (0x0000000014368800):  JavaThread "C2 CompilerThread1" daemon [_thread_in_native, id=10088, stack(0x0000000015ae0000,0x0000000015be0000)]

Stack: [0x0000000015ae0000,0x0000000015be0000]
[error occurred during error reporting (printing stack bounds), id 0xc0000005]

Native frames: (J=compiled Java code, j=interpreted, Vv=VM code, C=native code)


Current CompileTask:
C2:  71244 3978 %     4       org.objectweb.asm.ClassReader::readCode @ 2165 (5089 bytes)


---------------  P R O C E S S  ---------------

Java Threads: ( => current thread )
  0x0000000019f60000 JavaThread "jar transforms Thread 92" [_thread_in_native, id=13408, stack(0x0000000024d90000,0x0000000024e90000)]
  0x0000000019f5e800 JavaThread "jar transforms Thread 91" [_thread_in_native, id=13832, stack(0x0000000024c90000,0x0000000024d90000)]
  0x0000000019f61000 JavaThread "jar transforms Thread 90" [_thread_in_native, id=7868, stack(0x0000000024b90000,0x0000000024c90000)]
  0x0000000019f5e000 JavaThread "jar transforms Thread 89" [_thread_in_native, id=15060, stack(0x0000000024a90000,0x0000000024b90000)]
  0x0000000019f56800 JavaThread "jar transforms Thread 88" [_thread_in_native, id=14300, stack(0x0000000024990000,0x0000000024a90000)]
  0x0000000019f58800 JavaThread "jar transforms Thread 87" [_thread_in_native, id=18796, stack(0x0000000024890000,0x0000000024990000)]
  0x0000000019f58000 JavaThread "jar transforms Thread 86" [_thread_in_native, id=9416, stack(0x0000000024790000,0x0000000024890000)]
  0x0000000019f5d000 JavaThread "jar transforms Thread 85" [_thread_in_native, id=15320, stack(0x0000000024690000,0x0000000024790000)]
  0x0000000019f5c800 JavaThread "jar transforms Thread 84" [_thread_in_native, id=20072, stack(0x0000000024590000,0x0000000024690000)]
  0x0000000019f5b800 JavaThread "jar transforms Thread 83" [_thread_in_native, id=19468, stack(0x0000000024490000,0x0000000024590000)]
  0x0000000019f54000 JavaThread "jar transforms Thread 82" [_thread_in_native, id=5212, stack(0x0000000024390000,0x0000000024490000)]
  0x0000000019f5b000 JavaThread "jar transforms Thread 81" [_thread_in_native, id=16716, stack(0x0000000024290000,0x0000000024390000)]
  0x0000000019f53800 JavaThread "jar transforms Thread 80" [_thread_in_native, id=5588, stack(0x0000000024190000,0x0000000024290000)]
  0x0000000019f55800 JavaThread "jar transforms Thread 79" [_thread_in_native, id=4120, stack(0x0000000024090000,0x0000000024190000)]
  0x0000000019f59800 JavaThread "jar transforms Thread 78" [_thread_in_native, id=14788, stack(0x0000000023f90000,0x0000000024090000)]
  0x0000000019f55000 JavaThread "jar transforms Thread 77" [_thread_in_native, id=21156, stack(0x0000000023d90000,0x0000000023e90000)]
  0x0000000019f5a000 JavaThread "jar transforms Thread 76" [_thread_in_native, id=10580, stack(0x0000000023c90000,0x0000000023d90000)]
  0x0000000019f57000 JavaThread "jar transforms Thread 75" [_thread_in_native, id=18864, stack(0x0000000023b90000,0x0000000023c90000)]
  0x000000001bee5800 JavaThread "jar transforms Thread 74" [_thread_in_native, id=16012, stack(0x0000000023a90000,0x0000000023b90000)]
  0x000000001beeb800 JavaThread "jar transforms Thread 73" [_thread_in_native, id=10364, stack(0x0000000023990000,0x0000000023a90000)]
  0x000000001bee4000 JavaThread "jar transforms Thread 72" [_thread_in_native, id=11820, stack(0x0000000023890000,0x0000000023990000)]
  0x000000001beeb000 JavaThread "jar transforms Thread 71" [_thread_in_native, id=14656, stack(0x0000000023790000,0x0000000023890000)]
  0x000000001beea000 JavaThread "jar transforms Thread 70" [_thread_in_native, id=4572, stack(0x0000000023690000,0x0000000023790000)]
  0x000000001bee7000 JavaThread "jar transforms Thread 69" [_thread_in_native, id=13912, stack(0x0000000023590000,0x0000000023690000)]
  0x000000001bee8800 JavaThread "jar transforms Thread 68" [_thread_in_native, id=20688, stack(0x0000000023490000,0x0000000023590000)]
  0x000000001bee9800 JavaThread "jar transforms Thread 67" [_thread_in_native, id=17268, stack(0x0000000023390000,0x0000000023490000)]
  0x000000001bee6000 JavaThread "jar transforms Thread 66" [_thread_in_native, id=19396, stack(0x0000000023290000,0x0000000023390000)]
  0x000000001bee8000 JavaThread "jar transforms Thread 65" [_thread_in_native, id=5924, stack(0x0000000023190000,0x0000000023290000)]
  0x000000001bee4800 JavaThread "jar transforms Thread 64" [_thread_in_native, id=17744, stack(0x0000000023090000,0x0000000023190000)]
  0x000000001bedc800 JavaThread "jar transforms Thread 63" [_thread_in_native, id=3560, stack(0x0000000022f90000,0x0000000023090000)]
  0x000000001bede000 JavaThread "jar transforms Thread 62" [_thread_in_native, id=3676, stack(0x0000000022e90000,0x0000000022f90000)]
  0x000000001bedf800 JavaThread "jar transforms Thread 61" [_thread_in_native, id=5104, stack(0x0000000022d90000,0x0000000022e90000)]
  0x000000001bee1000 JavaThread "jar transforms Thread 60" [_thread_in_native, id=15428, stack(0x0000000022c90000,0x0000000022d90000)]
  0x000000001bee3000 JavaThread "jar transforms Thread 59" [_thread_in_native, id=3220, stack(0x0000000022b90000,0x0000000022c90000)]
  0x000000001bedd000 JavaThread "jar transforms Thread 58" [_thread_in_native, id=21260, stack(0x0000000022a90000,0x0000000022b90000)]
  0x000000001bede800 JavaThread "jar transforms Thread 57" [_thread_in_native, id=15928, stack(0x0000000022990000,0x0000000022a90000)]
  0x000000001bee0000 JavaThread "jar transforms Thread 56" [_thread_in_native, id=13652, stack(0x0000000022890000,0x0000000022990000)]
  0x000000001bee1800 JavaThread "jar transforms Thread 55" [_thread_in_native, id=17932, stack(0x0000000022790000,0x0000000022890000)]
  0x000000001bee2800 JavaThread "jar transforms Thread 54" [_thread_in_native, id=7456, stack(0x0000000022690000,0x0000000022790000)]
  0x000000001d5a5000 JavaThread "jar transforms Thread 53" [_thread_in_native, id=14828, stack(0x0000000022590000,0x0000000022690000)]
  0x000000001d5a2000 JavaThread "jar transforms Thread 52" [_thread_in_native, id=16256, stack(0x0000000022490000,0x0000000022590000)]
  0x000000001d5a4800 JavaThread "jar transforms Thread 51" [_thread_in_native, id=12748, stack(0x0000000022390000,0x0000000022490000)]
  0x000000001d5a3800 JavaThread "jar transforms Thread 50" [_thread_in_native, id=12580, stack(0x0000000022290000,0x0000000022390000)]
  0x000000001d5a3000 JavaThread "jar transforms Thread 49" [_thread_in_native, id=16152, stack(0x0000000022190000,0x0000000022290000)]
  0x000000001d5a1800 JavaThread "jar transforms Thread 48" [_thread_in_native, id=21896, stack(0x0000000022090000,0x0000000022190000)]
  0x000000001d5a0800 JavaThread "jar transforms Thread 47" [_thread_in_native, id=20284, stack(0x0000000021f90000,0x0000000022090000)]
  0x000000001d599800 JavaThread "jar transforms Thread 46" [_thread_in_native, id=17384, stack(0x0000000021e90000,0x0000000021f90000)]
  0x000000001d59f800 JavaThread "jar transforms Thread 45" [_thread_in_native, id=15252, stack(0x0000000021d90000,0x0000000021e90000)]
  0x000000001d59e000 JavaThread "jar transforms Thread 44" [_thread_in_native, id=14764, stack(0x0000000021c90000,0x0000000021d90000)]
  0x000000001d59d800 JavaThread "jar transforms Thread 43" [_thread_in_native, id=10116, stack(0x0000000021b90000,0x0000000021c90000)]
  0x000000001d59f000 JavaThread "jar transforms Thread 42" [_thread_in_native, id=13492, stack(0x0000000021a90000,0x0000000021b90000)]
  0x000000001d596000 JavaThread "jar transforms Thread 41" [_thread_in_native, id=17852, stack(0x0000000021990000,0x0000000021a90000)]
  0x000000001d598000 JavaThread "jar transforms Thread 40" [_thread_in_native, id=13952, stack(0x0000000021890000,0x0000000021990000)]
  0x000000001d596800 JavaThread "jar transforms Thread 39" [_thread_in_native, id=18812, stack(0x0000000021790000,0x0000000021890000)]
  0x000000001d59a800 JavaThread "jar transforms Thread 38" [_thread_in_native, id=8944, stack(0x0000000021690000,0x0000000021790000)]
  0x000000001d597800 JavaThread "jar transforms Thread 37" [_thread_in_native, id=20608, stack(0x0000000021590000,0x0000000021690000)]
  0x000000001d59c800 JavaThread "jar transforms Thread 36" [_thread_in_native, id=19960, stack(0x0000000021490000,0x0000000021590000)]
  0x000000001d59c000 JavaThread "jar transforms Thread 35" [_thread_in_native, id=13352, stack(0x0000000021390000,0x0000000021490000)]
  0x000000001d599000 JavaThread "jar transforms Thread 34" [_thread_in_native, id=504, stack(0x0000000021290000,0x0000000021390000)]
  0x000000001d59b000 JavaThread "jar transforms Thread 33" [_thread_in_native, id=2556, stack(0x0000000021190000,0x0000000021290000)]
  0x0000000017939000 JavaThread "jar transforms Thread 32" [_thread_in_native, id=15236, stack(0x0000000021090000,0x0000000021190000)]
  0x000000001793a800 JavaThread "jar transforms Thread 31" [_thread_in_native, id=13028, stack(0x0000000020f90000,0x0000000021090000)]
  0x0000000017939800 JavaThread "jar transforms Thread 30" [_thread_in_native, id=10484, stack(0x0000000020e90000,0x0000000020f90000)]
  0x0000000017936800 JavaThread "jar transforms Thread 29" [_thread_in_native, id=22360, stack(0x0000000020d90000,0x0000000020e90000)]
  0x000000001793c800 JavaThread "jar transforms Thread 28" [_thread_in_native, id=20644, stack(0x0000000020c90000,0x0000000020d90000)]
  0x000000001793d800 JavaThread "jar transforms Thread 27" [_thread_in_native, id=5940, stack(0x0000000020b90000,0x0000000020c90000)]
  0x000000001793b000 JavaThread "jar transforms Thread 26" [_thread_in_native, id=18552, stack(0x0000000020a90000,0x0000000020b90000)]
  0x0000000017938000 JavaThread "jar transforms Thread 25" [_thread_in_native, id=17224, stack(0x0000000020990000,0x0000000020a90000)]
  0x000000001793c000 JavaThread "jar transforms Thread 24" [_thread_in_native, id=11000, stack(0x0000000020890000,0x0000000020990000)]
  0x0000000017930800 JavaThread "jar transforms Thread 23" [_thread_in_native, id=15972, stack(0x0000000020790000,0x0000000020890000)]
  0x0000000017937800 JavaThread "jar transforms Thread 22" [_thread_in_native, id=6960, stack(0x0000000020690000,0x0000000020790000)]
  0x000000001792f000 JavaThread "jar transforms Thread 21" [_thread_in_native, id=17628, stack(0x0000000020590000,0x0000000020690000)]
  0x0000000017936000 JavaThread "jar transforms Thread 20" [_thread_in_native, id=17948, stack(0x0000000020490000,0x0000000020590000)]
  0x000000001792e800 JavaThread "jar transforms Thread 19" [_thread_in_native, id=17280, stack(0x0000000020390000,0x0000000020490000)]
  0x0000000017930000 JavaThread "jar transforms Thread 18" [_thread_in_native, id=6472, stack(0x0000000020290000,0x0000000020390000)]
  0x0000000017933800 JavaThread "jar transforms Thread 17" [_thread_in_native, id=18996, stack(0x0000000020190000,0x0000000020290000)]
  0x0000000017933000 JavaThread "jar transforms Thread 16" [_thread_in_native, id=18148, stack(0x0000000020090000,0x0000000020190000)]
  0x0000000017932000 JavaThread "jar transforms Thread 15" [_thread_in_native, id=11444, stack(0x000000001ff90000,0x0000000020090000)]
  0x0000000017931800 JavaThread "jar transforms Thread 14" [_thread_blocked, id=14252, stack(0x000000001fe90000,0x000000001ff90000)]
  0x0000000017934800 JavaThread "jar transforms Thread 13" [_thread_blocked, id=21916, stack(0x000000001fd90000,0x000000001fe90000)]
  0x000000001981b800 JavaThread "jar transforms Thread 12" [_thread_in_native, id=20672, stack(0x000000001fc90000,0x000000001fd90000)]
  0x000000001981f000 JavaThread "jar transforms Thread 11" [_thread_in_native, id=18548, stack(0x000000001fb90000,0x000000001fc90000)]
  0x0000000019817800 JavaThread "jar transforms Thread 10" [_thread_in_native, id=18084, stack(0x000000001fa90000,0x000000001fb90000)]
  0x000000001981a000 JavaThread "jar transforms Thread 9" [_thread_in_Java, id=14204, stack(0x000000001f990000,0x000000001fa90000)]
  0x000000001981e800 JavaThread "jar transforms Thread 8" [_thread_in_native, id=12624, stack(0x000000001f890000,0x000000001f990000)]
  0x000000001981d800 JavaThread "jar transforms Thread 7" [_thread_blocked, id=18656, stack(0x000000001f790000,0x000000001f890000)]
  0x0000000019818800 JavaThread "jar transforms Thread 6" [_thread_in_native, id=15256, stack(0x000000001f690000,0x000000001f790000)]
  0x000000001981c000 JavaThread "jar transforms Thread 5" [_thread_blocked, id=20412, stack(0x000000001f590000,0x000000001f690000)]
  0x000000001981d000 JavaThread "jar transforms Thread 4" [_thread_in_native, id=11048, stack(0x000000001f490000,0x000000001f590000)]
  0x0000000019819000 JavaThread "jar transforms Thread 3" [_thread_in_native, id=16164, stack(0x000000001f390000,0x000000001f490000)]
  0x000000001981a800 JavaThread "jar transforms Thread 2" [_thread_in_Java, id=16596, stack(0x000000001f290000,0x000000001f390000)]
  0x0000000019810000 JavaThread "Build operations Thread 4" [_thread_blocked, id=18860, stack(0x000000001f190000,0x000000001f290000)]
  0x0000000019817000 JavaThread "Build operations Thread 3" [_thread_blocked, id=5140, stack(0x0000000002c10000,0x0000000002d10000)]
  0x0000000019816000 JavaThread "Build operations Thread 2" [_thread_blocked, id=12440, stack(0x00000000012d0000,0x00000000013d0000)]
  0x0000000019814800 JavaThread "Build operations" [_thread_blocked, id=20316, stack(0x00000000011d0000,0x00000000012d0000)]
  0x0000000019813000 JavaThread "Cache worker for Build Output Cleanup Cache (C:\Users\AxelEduardo\Documents\Software learning\react_native\citas\android\.gradle\buildOutputCleanup)" [_thread_blocked, id=16440, stack(0x000000001ee90000,0x000000001ef90000)]
  0x0000000019811800 JavaThread "Cache worker for file content cache (C:\Users\AxelEduardo\.gradle\caches\6.7\fileContent)" [_thread_blocked, id=20216, stack(0x000000001e790000,0x000000001e890000)]
  0x0000000019810800 JavaThread "jar transforms" [_thread_in_Java, id=9260, stack(0x000000001e690000,0x000000001e790000)]
  0x0000000014377000 JavaThread "Cache worker for execution history cache (C:\Users\AxelEduardo\.gradle\caches\6.7\executionHistory)" [_thread_blocked, id=17716, stack(0x000000001df90000,0x000000001e090000)]
  0x0000000014371000 JavaThread "Cache worker for cache directory md-rule (C:\Users\AxelEduardo\.gradle\caches\6.7\md-rule)" [_thread_blocked, id=20868, stack(0x000000001de90000,0x000000001df90000)]
  0x0000000014375800 JavaThread "Cache worker for cache directory md-supplier (C:\Users\AxelEduardo\.gradle\caches\6.7\md-supplier)" [_thread_blocked, id=19692, stack(0x000000001dd90000,0x000000001de90000)]
  0x0000000014370800 JavaThread "Cache worker for checksums cache (C:\Users\AxelEduardo\Documents\Software learning\react_native\citas\android\.gradle\checksums)" [_thread_blocked, id=15168, stack(0x000000001c7d0000,0x000000001c8d0000)]
  0x0000000014375000 JavaThread "Cache worker for file hash cache (C:\Users\AxelEduardo\Documents\Software learning\react_native\citas\android\.gradle\6.7\fileHashes)" [_thread_blocked, id=10624, stack(0x000000001c6d0000,0x000000001c7d0000)]
  0x0000000014372000 JavaThread "Cache worker for journal cache (C:\Users\AxelEduardo\.gradle\caches\journal-1)" [_thread_blocked, id=20172, stack(0x0000000019460000,0x0000000019560000)]
  0x0000000014372800 JavaThread "File lock request listener" [_thread_in_native, id=12360, stack(0x0000000019360000,0x0000000019460000)]
  0x0000000014376800 JavaThread "Cache worker for file hash cache (C:\Users\AxelEduardo\.gradle\caches\6.7\fileHashes)" [_thread_blocked, id=18872, stack(0x0000000019160000,0x0000000019260000)]
  0x0000000016a95800 JavaThread "Thread-9" [_thread_blocked, id=19360, stack(0x0000000018e60000,0x0000000018f60000)]
  0x0000000016a94800 JavaThread "Stdin handler" [_thread_blocked, id=15608, stack(0x0000000018d60000,0x0000000018e60000)]
  0x0000000016095800 JavaThread "Asynchronous log dispatcher for DefaultDaemonConnection: socket connection from /127.0.0.1:60057 to /127.0.0.1:55057" [_thread_blocked, id=22448, stack(0x0000000018c60000,0x0000000018d60000)]
  0x0000000016ca1800 JavaThread "Daemon worker" [_thread_blocked, id=17972, stack(0x0000000018b60000,0x0000000018c60000)]
  0x00000000176e7800 JavaThread "Cancel handler" [_thread_blocked, id=19764, stack(0x0000000018a60000,0x0000000018b60000)]
  0x0000000016d3a000 JavaThread "Handler for socket connection from /127.0.0.1:60057 to /127.0.0.1:55057" [_thread_in_native, id=20572, stack(0x0000000018960000,0x0000000018a60000)]
  0x0000000016d38000 JavaThread "Daemon" [_thread_blocked, id=20212, stack(0x0000000018860000,0x0000000018960000)]
  0x0000000015f0b000 JavaThread "Daemon periodic checks" [_thread_blocked, id=17400, stack(0x0000000018560000,0x0000000018660000)]
  0x0000000016d13800 JavaThread "Incoming local TCP Connector on port 60057" [_thread_in_native, id=2816, stack(0x00000000182f0000,0x00000000183f0000)]
  0x0000000016d5e000 JavaThread "Daemon health stats" [_thread_blocked, id=13960, stack(0x0000000017ab0000,0x0000000017bb0000)]
  0x0000000015d10800 JavaThread "Service Thread" daemon [_thread_blocked, id=13220, stack(0x00000000160e0000,0x00000000161e0000)]
  0x0000000014374000 JavaThread "C1 CompilerThread2" daemon [_thread_in_vm, id=20568, stack(0x0000000015be0000,0x0000000015ce0000)]
=>0x0000000014368800 JavaThread "C2 CompilerThread1" daemon [_thread_in_native, id=10088, stack(0x0000000015ae0000,0x0000000015be0000)]
  0x0000000014366800 JavaThread "C2 CompilerThread0" daemon [_thread_in_native, id=6888, stack(0x00000000159e0000,0x0000000015ae0000)]
  0x0000000014363800 JavaThread "Attach Listener" daemon [_thread_blocked, id=19536, stack(0x00000000158e0000,0x00000000159e0000)]
  0x0000000014362800 JavaThread "Signal Dispatcher" daemon [_thread_blocked, id=14508, stack(0x00000000157e0000,0x00000000158e0000)]
  0x0000000002f19800 JavaThread "Finalizer" daemon [_thread_blocked, id=14000, stack(0x00000000155b0000,0x00000000156b0000)]
  0x000000001434a000 JavaThread "Reference Handler" daemon [_thread_blocked, id=20328, stack(0x00000000154b0000,0x00000000155b0000)]
  0x0000000002e24000 JavaThread "main" [_thread_blocked, id=20228, stack(0x0000000002d10000,0x0000000002e10000)]

Other Threads:
  0x0000000014328800 VMThread [stack: 0x00000000153b0000,0x00000000154b0000] [id=10008]
  0x00000000143bd800 WatcherThread [stack: 0x00000000161e0000,0x00000000162e0000] [id=2900]

VM state:not at safepoint (normal execution)

VM Mutex/Monitor currently owned by a thread: None

heap address: 0x00000000e0000000, size: 512 MB, Compressed Oops mode: 32-bit
Narrow klass base: 0x0000000000000000, Narrow klass shift: 3
Compressed class space size: 1073741824 Address: 0x0000000100000000

Heap:
 PSYoungGen      total 97280K, used 42873K [0x00000000f5580000, 0x00000000fc500000, 0x0000000100000000)
  eden space 85504K, 45% used [0x00000000f5580000,0x00000000f7b168d0,0x00000000fa900000)
  from space 11776K, 37% used [0x00000000fb500000,0x00000000fb947e88,0x00000000fc080000)
  to   space 12288K, 0% used [0x00000000fa900000,0x00000000fa900000,0x00000000fb500000)
 ParOldGen       total 229376K, used 16836K [0x00000000e0000000, 0x00000000ee000000, 0x00000000f5580000)
  object space 229376K, 7% used [0x00000000e0000000,0x00000000e1071330,0x00000000ee000000)
 Metaspace       used 38208K, capacity 39858K, committed 40064K, reserved 1083392K
  class space    used 5330K, capacity 5676K, committed 5760K, reserved 1048576K

Card table byte_map: [0x00000000122f0000,0x0000000012400000] byte_map_base: 0x0000000011bf0000

Marking Bits: (ParMarkBitMap*) 0x00000000540b5ce0
 Begin Bits: [0x00000000128b0000, 0x00000000130b0000)
 End Bits:   [0x00000000130b0000, 0x00000000138b0000)

Polling page: 0x0000000002bf0000

CodeCache: size=245760Kb used=14056Kb max_used=14056Kb free=231703Kb
 bounds [0x0000000002f30000, 0x0000000003d00000, 0x0000000011f30000]
 total_blobs=4747 nmethods=4020 adapters=639
 compilation: enabled

Compilation events (10 events):
Event: 70.685 Thread 0x0000000014374000 4302       3       java.lang.Math::min (12 bytes)
Event: 70.686 Thread 0x0000000014374000 nmethod 4302 0x0000000003ccae10 code [0x0000000003ccaf60, 0x0000000003ccb0f0]
Event: 70.688 Thread 0x0000000014374000 4303       3       org.objectweb.asm.SymbolTable::addConstantUtf8 (98 bytes)
Event: 70.689 Thread 0x0000000014374000 nmethod 4303 0x0000000003cda810 code [0x0000000003cdaa00, 0x0000000003cdb1b8]
Event: 70.689 Thread 0x0000000014374000 4304       3       org.objectweb.asm.SymbolTable::addConstantUtf8Reference (101 bytes)
Event: 70.689 Thread 0x0000000014374000 nmethod 4304 0x0000000003cdb5d0 code [0x0000000003cdb7c0, 0x0000000003cdc078]
Event: 70.689 Thread 0x0000000014374000 4307       3       org.objectweb.asm.MethodVisitor::visitFieldInsn (20 bytes)
Event: 70.689 Thread 0x0000000014374000 nmethod 4307 0x0000000003cca950 code [0x0000000003ccaac0, 0x0000000003ccad28]
Event: 70.689 Thread 0x0000000014374000 4306  s    3       java.io.BufferedOutputStream::write (67 bytes)
Event: 70.690 Thread 0x0000000014374000 nmethod 4306 0x0000000003cdc490 code [0x0000000003cdc660, 0x0000000003cdceb8]

GC Heap History (10 events):
Event: 47.490 GC heap before
{Heap before GC invocations=7 (full 1):
 PSYoungGen      total 76288K, used 73945K [0x00000000f5580000, 0x00000000fb380000, 0x0000000100000000)
  eden space 65536K, 100% used [0x00000000f5580000,0x00000000f9580000,0x00000000f9580000)
  from space 10752K, 78% used [0x00000000f9580000,0x00000000f9db6580,0x00000000fa000000)
  to   space 11776K, 0% used [0x00000000fa800000,0x00000000fa800000,0x00000000fb380000)
 ParOldGen       total 175104K, used 8145K [0x00000000e0000000, 0x00000000eab00000, 0x00000000f5580000)
  object space 175104K, 4% used [0x00000000e0000000,0x00000000e07f46c0,0x00000000eab00000)
 Metaspace       used 32626K, capacity 33724K, committed 33920K, reserved 1079296K
  class space    used 4608K, capacity 4894K, committed 4992K, reserved 1048576K
Event: 47.499 GC heap after
Heap after GC invocations=7 (full 1):
 PSYoungGen      total 83456K, used 9490K [0x00000000f5580000, 0x00000000fb300000, 0x0000000100000000)
  eden space 72192K, 0% used [0x00000000f5580000,0x00000000f5580000,0x00000000f9c00000)
  from space 11264K, 84% used [0x00000000fa800000,0x00000000fb144b10,0x00000000fb300000)
  to   space 11776K, 0% used [0x00000000f9c00000,0x00000000f9c00000,0x00000000fa780000)
 ParOldGen       total 175104K, used 8153K [0x00000000e0000000, 0x00000000eab00000, 0x00000000f5580000)
  object space 175104K, 4% used [0x00000000e0000000,0x00000000e07f66c0,0x00000000eab00000)
 Metaspace       used 32626K, capacity 33724K, committed 33920K, reserved 1079296K
  class space    used 4608K, capacity 4894K, committed 4992K, reserved 1048576K
}
Event: 48.399 GC heap before
{Heap before GC invocations=8 (full 1):
 PSYoungGen      total 83456K, used 44418K [0x00000000f5580000, 0x00000000fb300000, 0x0000000100000000)
  eden space 72192K, 48% used [0x00000000f5580000,0x00000000f779c0b8,0x00000000f9c00000)
  from space 11264K, 84% used [0x00000000fa800000,0x00000000fb144b10,0x00000000fb300000)
  to   space 11776K, 0% used [0x00000000f9c00000,0x00000000f9c00000,0x00000000fa780000)
 ParOldGen       total 175104K, used 8153K [0x00000000e0000000, 0x00000000eab00000, 0x00000000f5580000)
  object space 175104K, 4% used [0x00000000e0000000,0x00000000e07f66c0,0x00000000eab00000)
 Metaspace       used 34282K, capacity 35400K, committed 35496K, reserved 1079296K
  class space    used 4787K, capacity 5041K, committed 5120K, reserved 1048576K
Event: 48.406 GC heap after
Heap after GC invocations=8 (full 1):
 PSYoungGen      total 83968K, used 9491K [0x00000000f5580000, 0x00000000fc080000, 0x0000000100000000)
  eden space 72192K, 0% used [0x00000000f5580000,0x00000000f5580000,0x00000000f9c00000)
  from space 11776K, 80% used [0x00000000f9c00000,0x00000000fa544f20,0x00000000fa780000)
  to   space 11776K, 0% used [0x00000000fb500000,0x00000000fb500000,0x00000000fc080000)
 ParOldGen       total 175104K, used 8161K [0x00000000e0000000, 0x00000000eab00000, 0x00000000f5580000)
  object space 175104K, 4% used [0x00000000e0000000,0x00000000e07f86c0,0x00000000eab00000)
 Metaspace       used 34282K, capacity 35400K, committed 35496K, reserved 1079296K
  class space    used 4787K, capacity 5041K, committed 5120K, reserved 1048576K
}
Event: 48.406 GC heap before
{Heap before GC invocations=9 (full 2):
 PSYoungGen      total 83968K, used 9491K [0x00000000f5580000, 0x00000000fc080000, 0x0000000100000000)
  eden space 72192K, 0% used [0x00000000f5580000,0x00000000f5580000,0x00000000f9c00000)
  from space 11776K, 80% used [0x00000000f9c00000,0x00000000fa544f20,0x00000000fa780000)
  to   space 11776K, 0% used [0x00000000fb500000,0x00000000fb500000,0x00000000fc080000)
 ParOldGen       total 175104K, used 8161K [0x00000000e0000000, 0x00000000eab00000, 0x00000000f5580000)
  object space 175104K, 4% used [0x00000000e0000000,0x00000000e07f86c0,0x00000000eab00000)
 Metaspace       used 34282K, capacity 35400K, committed 35496K, reserved 1079296K
  class space    used 4787K, capacity 5041K, committed 5120K, reserved 1048576K
Event: 48.460 GC heap after
Heap after GC invocations=9 (full 2):
 PSYoungGen      total 83968K, used 0K [0x00000000f5580000, 0x00000000fc080000, 0x0000000100000000)
  eden space 72192K, 0% used [0x00000000f5580000,0x00000000f5580000,0x00000000f9c00000)
  from space 11776K, 0% used [0x00000000f9c00000,0x00000000f9c00000,0x00000000fa780000)
  to   space 11776K, 0% used [0x00000000fb500000,0x00000000fb500000,0x00000000fc080000)
 ParOldGen       total 229376K, used 16239K [0x00000000e0000000, 0x00000000ee000000, 0x00000000f5580000)
  object space 229376K, 7% used [0x00000000e0000000,0x00000000e0fdbe40,0x00000000ee000000)
 Metaspace       used 34282K, capacity 35400K, committed 35496K, reserved 1079296K
  class space    used 4787K, capacity 5041K, committed 5120K, reserved 1048576K
}
Event: 68.532 GC heap before
{Heap before GC invocations=10 (full 2):
 PSYoungGen      total 83968K, used 72192K [0x00000000f5580000, 0x00000000fc080000, 0x0000000100000000)
  eden space 72192K, 100% used [0x00000000f5580000,0x00000000f9c00000,0x00000000f9c00000)
  from space 11776K, 0% used [0x00000000f9c00000,0x00000000f9c00000,0x00000000fa780000)
  to   space 11776K, 0% used [0x00000000fb500000,0x00000000fb500000,0x00000000fc080000)
 ParOldGen       total 229376K, used 16265K [0x00000000e0000000, 0x00000000ee000000, 0x00000000f5580000)
  object space 229376K, 7% used [0x00000000e0000000,0x00000000e0fe2660,0x00000000ee000000)
 Metaspace       used 37817K, capacity 39458K, committed 39552K, reserved 1083392K
  class space    used 5314K, capacity 5672K, committed 5760K, reserved 1048576K
Event: 68.546 GC heap after
Heap after GC invocations=10 (full 2):
 PSYoungGen      total 97280K, used 5457K [0x00000000f5580000, 0x00000000fc500000, 0x0000000100000000)
  eden space 85504K, 0% used [0x00000000f5580000,0x00000000f5580000,0x00000000fa900000)
  from space 11776K, 46% used [0x00000000fb500000,0x00000000fba54560,0x00000000fc080000)
  to   space 12288K, 0% used [0x00000000fa900000,0x00000000fa900000,0x00000000fb500000)
 ParOldGen       total 229376K, used 16273K [0x00000000e0000000, 0x00000000ee000000, 0x00000000f5580000)
  object space 229376K, 7% used [0x00000000e0000000,0x00000000e0fe4660,0x00000000ee000000)
 Metaspace       used 37817K, capacity 39458K, committed 39552K, reserved 1083392K
  class space    used 5314K, capacity 5672K, committed 5760K, reserved 1048576K
}
Event: 70.680 GC heap before
{Heap before GC invocations=11 (full 2):
 PSYoungGen      total 97280K, used 90961K [0x00000000f5580000, 0x00000000fc500000, 0x0000000100000000)
  eden space 85504K, 100% used [0x00000000f5580000,0x00000000fa900000,0x00000000fa900000)
  from space 11776K, 46% used [0x00000000fb500000,0x00000000fba54560,0x00000000fc080000)
  to   space 12288K, 0% used [0x00000000fa900000,0x00000000fa900000,0x00000000fb500000)
 ParOldGen       total 229376K, used 16693K [0x00000000e0000000, 0x00000000ee000000, 0x00000000f5580000)
  object space 229376K, 7% used [0x00000000e0000000,0x00000000e104d5b0,0x00000000ee000000)
 Metaspace       used 38188K, capacity 39858K, committed 40064K, reserved 1083392K
  class space    used 5330K, capacity 5676K, committed 5760K, reserved 1048576K
Event: 70.684 GC heap after
Heap after GC invocations=11 (full 2):
 PSYoungGen      total 97792K, used 3833K [0x00000000f5580000, 0x00000000fc500000, 0x0000000100000000)
  eden space 85504K, 0% used [0x00000000f5580000,0x00000000f5580000,0x00000000fa900000)
  from space 12288K, 31% used [0x00000000fa900000,0x00000000facbe770,0x00000000fb500000)
  to   space 11776K, 0% used [0x00000000fb500000,0x00000000fb500000,0x00000000fc080000)
 ParOldGen       total 229376K, used 16693K [0x00000000e0000000, 0x00000000ee000000, 0x00000000f5580000)
  object space 229376K, 7% used [0x00000000e0000000,0x00000000e104d5b0,0x00000000ee000000)
 Metaspace       used 38188K, capacity 39858K, committed 40064K, reserved 1083392K
  class space    used 5330K, capacity 5676K, committed 5760K, reserved 1048576K
}

Deoptimization events (10 events):
Event: 69.925 Thread 0x000000001981d800 Uncommon trap: reason=unstable_if action=reinterpret pc=0x0000000003c1cccc method=org.objectweb.asm.ClassReader.readUtf(II[C)Ljava/lang/String; @ 69
Event: 69.925 Thread 0x000000001981d800 Uncommon trap: reason=unstable_if action=reinterpret pc=0x0000000003c197e8 method=org.objectweb.asm.ByteVector.putUTF8(Ljava/lang/String;)Lorg/objectweb/asm/ByteVector; @ 100
Event: 69.928 Thread 0x000000001981d800 Uncommon trap: reason=unstable_if action=reinterpret pc=0x0000000003bf061c method=org.objectweb.asm.ClassReader.readUtf(II[C)Ljava/lang/String; @ 69
Event: 70.086 Thread 0x000000001981a800 Uncommon trap: reason=unstable_if action=reinterpret pc=0x0000000003bbe288 method=org.objectweb.asm.Type.getArgumentsAndReturnSizes(Ljava/lang/String;)I @ 25
Event: 70.676 Thread 0x0000000017932000 Uncommon trap: reason=unstable_if action=reinterpret pc=0x0000000003ccc8b8 method=org.objectweb.asm.Type.getArgumentsAndReturnSizes(Ljava/lang/String;)I @ 123
Event: 70.676 Thread 0x0000000017932000 Uncommon trap: reason=unstable_if action=reinterpret pc=0x0000000003bba550 method=org.objectweb.asm.Type.getArgumentsAndReturnSizes(Ljava/lang/String;)I @ 25
Event: 70.686 Thread 0x000000001981c000 Uncommon trap: reason=unstable_if action=reinterpret pc=0x0000000003255e80 method=java.io.BufferedOutputStream.write([BII)V @ 6
Event: 70.688 Thread 0x0000000017932000 Uncommon trap: reason=unstable_if action=reinterpret pc=0x0000000003b74cf8 method=org.objectweb.asm.SymbolTable.addConstantUtf8Reference(ILjava/lang/String;)Lorg/objectweb/asm/Symbol; @ 45
Event: 70.688 Thread 0x0000000017932000 Uncommon trap: reason=unstable_if action=reinterpret pc=0x0000000003c7a4e8 method=org.objectweb.asm.SymbolTable.addConstantUtf8(Ljava/lang/String;)I @ 40
Event: 70.689 Thread 0x0000000017932000 Uncommon trap: reason=unstable_if action=reinterpret pc=0x0000000003cd3b74 method=org.objectweb.asm.MethodWriter.visitFieldInsn(ILjava/lang/String;Ljava/lang/String;Ljava/lang/String;)V @ 164

Classes redefined (0 events):
No events

Internal exceptions (10 events):
Event: 48.846 Thread 0x0000000016ca1800 Exception <a 'java/lang/ClassNotFoundException': org/gradle/api/internal/artifacts/dsl/dependencies/DefaultDependencyHandlerCustomizer> (0x00000000f614bd40) thrown at [C:\re\workspace\8-2-build-windows-amd64-cygwin\jdk8u211\12973\hotspot\src\share\vm\clas
Event: 48.848 Thread 0x0000000016ca1800 Exception <a 'java/lang/ClassNotFoundException': org/gradle/api/internal/artifacts/dsl/dependencies/DefaultDependencyHandler_DecoratedCustomizer> (0x00000000f61daf40) thrown at [C:\re\workspace\8-2-build-windows-amd64-cygwin\jdk8u211\12973\hotspot\src\sha
Event: 49.957 Thread 0x0000000016ca1800 Exception <a 'java/lang/NoSuchMethodError': java.lang.Object.lambda$static$0(Lorg/gradle/api/internal/artifacts/configurations/MutationValidator$MutationType;)V> (0x00000000f6911d70) thrown at [C:\re\workspace\8-2-build-windows-amd64-cygwin\jdk8u211\12973
Event: 51.100 Thread 0x0000000016ca1800 Exception <a 'java/lang/NoSuchMethodError': java.lang.Object.lambda$static$0(Lorg/gradle/internal/component/model/DependencyMetadata;)Lorg/gradle/api/internal/artifacts/ivyservice/dependencysubstitution/DependencySubstitutionApplicator$SubstitutionResult;
Event: 51.770 Thread 0x0000000016ca1800 Exception <a 'java/lang/IncompatibleClassChangeError': Found class java.lang.Object, but interface was expected> (0x00000000f7d003c0) thrown at [C:\re\workspace\8-2-build-windows-amd64-cygwin\jdk8u211\12973\hotspot\src\share\vm\interpreter\linkResolver.cp
Event: 51.771 Thread 0x0000000016ca1800 Exception <a 'java/lang/NoSuchMethodError': java.lang.Object.lambda$thenComparing$36697e65$1(Ljava/util/Comparator;Ljava/lang/Object;Ljava/lang/Object;)I> (0x00000000f7d0bee8) thrown at [C:\re\workspace\8-2-build-windows-amd64-cygwin\jdk8u211\12973\hotspo
Event: 52.688 Thread 0x0000000016ca1800 Exception <a 'java/lang/NoSuchMethodError': java.lang.Object.lambda$static$0()Z> (0x00000000f881def0) thrown at [C:\re\workspace\8-2-build-windows-amd64-cygwin\jdk8u211\12973\hotspot\src\share\vm\interpreter\linkResolver.cpp, line 620]
Event: 67.798 Thread 0x0000000016ca1800 Exception <a 'java/lang/NoSuchMethodError': java.lang.Object.lambda$static$0(Lorg/gradle/api/internal/artifacts/ivyservice/resolveengine/artifact/ArtifactVisitor;)V> (0x00000000f96266f0) thrown at [C:\re\workspace\8-2-build-windows-amd64-cygwin\jdk8u211\1
Event: 70.151 Thread 0x0000000017934800 Exception <a 'sun/nio/fs/WindowsException'> (0x00000000f6667270) thrown at [C:\re\workspace\8-2-build-windows-amd64-cygwin\jdk8u211\12973\hotspot\src\share\vm\prims\jni.cpp, line 710]
Event: 70.151 Thread 0x0000000017931800 Exception <a 'sun/nio/fs/WindowsException'> (0x00000000f640e808) thrown at [C:\re\workspace\8-2-build-windows-amd64-cygwin\jdk8u211\12973\hotspot\src\share\vm\prims\jni.cpp, line 710]

Events (10 events):
Event: 70.686 Thread 0x000000001981c000 DEOPT UNPACKING pc=0x0000000002f7583b sp=0x000000001f68ef30 mode 2
Event: 70.688 Thread 0x0000000017932000 Uncommon trap: trap_request=0xffffff65 fr.pc=0x0000000003b74cf8
Event: 70.688 Thread 0x0000000017932000 DEOPT PACKING pc=0x0000000003b74cf8 sp=0x000000002008dd10
Event: 70.688 Thread 0x0000000017932000 DEOPT UNPACKING pc=0x0000000002f7583b sp=0x000000002008dcc0 mode 2
Event: 70.688 Thread 0x0000000017932000 Uncommon trap: trap_request=0xffffff65 fr.pc=0x0000000003c7a4e8
Event: 70.688 Thread 0x0000000017932000 DEOPT PACKING pc=0x0000000003c7a4e8 sp=0x000000002008dc30
Event: 70.688 Thread 0x0000000017932000 DEOPT UNPACKING pc=0x0000000002f7583b sp=0x000000002008dc38 mode 2
Event: 70.689 Thread 0x0000000017932000 Uncommon trap: trap_request=0xffffff65 fr.pc=0x0000000003cd3b74
Event: 70.689 Thread 0x0000000017932000 DEOPT PACKING pc=0x0000000003cd3b74 sp=0x000000002008df00
Event: 70.689 Thread 0x0000000017932000 DEOPT UNPACKING pc=0x0000000002f7583b sp=0x000000002008de10 mode 2


Dynamic libraries:
0x00007ff7ce3f0000 - 0x00007ff7ce427000 	C:\Program Files\Java\jdk1.8.0_211\bin\java.exe
0x00007fffefcb0000 - 0x00007fffefea5000 	C:\WINDOWS\SYSTEM32\ntdll.dll
0x00007fffee310000 - 0x00007fffee3cd000 	C:\WINDOWS\System32\KERNEL32.DLL
0x00007fffed740000 - 0x00007fffeda09000 	C:\WINDOWS\System32\KERNELBASE.dll
0x00007fffef180000 - 0x00007fffef22c000 	C:\WINDOWS\System32\ADVAPI32.dll
0x00007fffee270000 - 0x00007fffee30e000 	C:\WINDOWS\System32\msvcrt.dll
0x00007fffee4b0000 - 0x00007fffee54b000 	C:\WINDOWS\System32\sechost.dll
0x00007fffef650000 - 0x00007fffef77a000 	C:\WINDOWS\System32\RPCRT4.dll
0x00007fffef7e0000 - 0x00007fffef980000 	C:\WINDOWS\System32\USER32.dll
0x00007fffed4c0000 - 0x00007fffed4e2000 	C:\WINDOWS\System32\win32u.dll
0x00007fffefbd0000 - 0x00007fffefbfa000 	C:\WINDOWS\System32\GDI32.dll
0x00007fffeda10000 - 0x00007fffedb1b000 	C:\WINDOWS\System32\gdi32full.dll
0x00007fffed6a0000 - 0x00007fffed73d000 	C:\WINDOWS\System32\msvcp_win.dll
0x00007fffedc10000 - 0x00007fffedd10000 	C:\WINDOWS\System32\ucrtbase.dll
0x00007fffe0490000 - 0x00007fffe072a000 	C:\WINDOWS\WinSxS\amd64_microsoft.windows.common-controls_6595b64144ccf1df_6.0.19041.1110_none_60b5254171f9507e\COMCTL32.dll
0x00007fffefab0000 - 0x00007fffefae0000 	C:\WINDOWS\System32\IMM32.DLL
0x0000000054140000 - 0x0000000054212000 	C:\Program Files\Java\jdk1.8.0_211\jre\bin\msvcr100.dll
0x0000000053890000 - 0x0000000054135000 	C:\Program Files\Java\jdk1.8.0_211\jre\bin\server\jvm.dll
0x00007fffefb40000 - 0x00007fffefb48000 	C:\WINDOWS\System32\PSAPI.DLL
0x00007fffe1d10000 - 0x00007fffe1d37000 	C:\WINDOWS\SYSTEM32\WINMM.dll
0x00007fffe1f90000 - 0x00007fffe1f9a000 	C:\WINDOWS\SYSTEM32\VERSION.dll
0x00007fffd96d0000 - 0x00007fffd96d9000 	C:\WINDOWS\SYSTEM32\WSOCK32.dll
0x00007fffef110000 - 0x00007fffef17b000 	C:\WINDOWS\System32\WS2_32.dll
0x00007fffeacd0000 - 0x00007fffeacdf000 	C:\Program Files\Java\jdk1.8.0_211\jre\bin\verify.dll
0x00007fffdf7d0000 - 0x00007fffdf7f9000 	C:\Program Files\Java\jdk1.8.0_211\jre\bin\java.dll
0x00007fffe9100000 - 0x00007fffe9116000 	C:\Program Files\Java\jdk1.8.0_211\jre\bin\zip.dll
0x00007fffee9d0000 - 0x00007fffef10f000 	C:\WINDOWS\System32\SHELL32.dll
0x00007fffeb510000 - 0x00007fffebca0000 	C:\WINDOWS\SYSTEM32\windows.storage.dll
0x00007fffef2f0000 - 0x00007fffef645000 	C:\WINDOWS\System32\combase.dll
0x00007fffecd90000 - 0x00007fffecdbc000 	C:\WINDOWS\SYSTEM32\Wldp.dll
0x00007fffef240000 - 0x00007fffef2ee000 	C:\WINDOWS\System32\SHCORE.dll
0x00007fffefc10000 - 0x00007fffefc65000 	C:\WINDOWS\System32\shlwapi.dll
0x00007fffed320000 - 0x00007fffed33f000 	C:\WINDOWS\SYSTEM32\profapi.dll
0x00007fffdcd80000 - 0x00007fffdcd9a000 	C:\Program Files\Java\jdk1.8.0_211\jre\bin\net.dll
0x00007fffda0b0000 - 0x00007fffda29c000 	C:\WINDOWS\SYSTEM32\urlmon.dll
0x00007fffdde90000 - 0x00007fffddeb8000 	C:\WINDOWS\SYSTEM32\srvcli.dll
0x00007fffec8d0000 - 0x00007fffec8dc000 	C:\WINDOWS\SYSTEM32\netutils.dll
0x00007fffddbe0000 - 0x00007fffdde90000 	C:\WINDOWS\SYSTEM32\iertutil.dll
0x00007fffecad0000 - 0x00007fffecb3a000 	C:\WINDOWS\system32\mswsock.dll
0x00007fffda660000 - 0x00007fffda672000 	C:\Program Files\Java\jdk1.8.0_211\jre\bin\nio.dll
0x00007fffd6250000 - 0x00007fffd6276000 	C:\Users\AxelEduardo\.gradle\native\fdc75f09e3144964f2cf3f50f0aa648679c211496f362492102eb8c894070792\windows-amd64\native-platform.dll
0x00007fffab5b0000 - 0x00007fffab741000 	C:\Users\AxelEduardo\.gradle\native\12488b8bf47d2d4c9fbf2f6322a914ad602e24e48041cd04a747c6da556b65c4\windows-amd64\native-platform-file-events.dll
0x00007fffe83d0000 - 0x00007fffe83dd000 	C:\Program Files\Java\jdk1.8.0_211\jre\bin\management.dll
0x00007fffeccc0000 - 0x00007fffeccd8000 	C:\WINDOWS\SYSTEM32\CRYPTSP.dll
0x00007fffec450000 - 0x00007fffec484000 	C:\WINDOWS\system32\rsaenh.dll
0x00007fffed3e0000 - 0x00007fffed407000 	C:\WINDOWS\System32\bcrypt.dll
0x00007fffed2e0000 - 0x00007fffed30e000 	C:\WINDOWS\SYSTEM32\USERENV.dll
0x00007fffedb20000 - 0x00007fffedba3000 	C:\WINDOWS\System32\bcryptprimitives.dll
0x00007fffecce0000 - 0x00007fffeccec000 	C:\WINDOWS\SYSTEM32\CRYPTBASE.dll
0x00007fffec7c0000 - 0x00007fffec7fb000 	C:\WINDOWS\SYSTEM32\IPHLPAPI.DLL
0x00007fffef230000 - 0x00007fffef238000 	C:\WINDOWS\System32\NSI.dll
0x00007fffe5290000 - 0x00007fffe52a7000 	C:\WINDOWS\SYSTEM32\dhcpcsvc6.DLL
0x00007fffe48e0000 - 0x00007fffe48fd000 	C:\WINDOWS\SYSTEM32\dhcpcsvc.DLL
0x00007fffec800000 - 0x00007fffec8cc000 	C:\WINDOWS\SYSTEM32\DNSAPI.dll
0x00007fffe5b90000 - 0x00007fffe5b9b000 	C:\WINDOWS\SYSTEM32\WINNSI.DLL

VM Arguments:
jvm_args: -XX:MaxMetaspaceSize=256m -XX:+HeapDumpOnOutOfMemoryError -Xms256m -Xmx512m -Dfile.encoding=windows-1252 -Duser.country=MX -Duser.language=es -Duser.variant 
java_command: org.gradle.launcher.daemon.bootstrap.GradleDaemon 6.7
java_class_path (initial): C:\Users\AxelEduardo\.gradle\wrapper\dists\gradle-6.7-all\cuy9mc7upwgwgeb72wkcrupxe\gradle-6.7\lib\gradle-launcher-6.7.jar
Launcher Type: SUN_STANDARD

Environment Variables:
JAVA_HOME=C:\Program Files\Java\jdk1.8.0_211
CLASSPATH=C:\Users\AxelEduardo\Documents\Software learning\react_native\citas\android\\gradle\wrapper\gradle-wrapper.jar
USERNAME=AxelEduardo
OS=Windows_NT
PROCESSOR_IDENTIFIER=Intel64 Family 6 Model 58 Stepping 9, GenuineIntel



---------------  S Y S T E M  ---------------

OS: Windows 10.0 , 64 bit Build 19041 (10.0.19041.1151)

CPU:total 4 (initial active 4) (4 cores per cpu, 1 threads per core) family 6 model 58 stepping 9, cmov, cx8, fxsr, mmx, sse, sse2, sse3, ssse3, sse4.1, sse4.2, popcnt, avx, aes, clmul, erms, tsc, tscinvbit, tscinv

Memory: 4k page, physical 8249196k(578772k free), swap 12443500k(12340k free)

vm_info: Java HotSpot(TM) 64-Bit Server VM (25.211-b12) for windows-amd64 JRE (1.8.0_211-b12), built on Apr  1 2019 20:53:26 by "java_re" with MS VC++ 10.0 (VS2010)

time: Mon Sep 13 16:40:04 2021
timezone: Hora de verano central (México)
elapsed time: 71 seconds (0d 0h 1m 11s)

